{"total": {"lines":{"total":169,"covered":169,"skipped":0,"pct":100},"statements":{"total":169,"covered":169,"skipped":0,"pct":100},"functions":{"total":28,"covered":28,"skipped":0,"pct":100},"branches":{"total":56,"covered":56,"skipped":0,"pct":100}}
,"C:\\Users\\seifa\\Desktop\\לימודים\\סמסטר ה\\הנדסת איכות תוכנה\\ass2\\sqe-workshop-2018-sample-project-master\\src\\js\\code-analyzer.js": {"lines":{"total":169,"covered":169,"skipped":0,"pct":100},"functions":{"total":28,"covered":28,"skipped":0,"pct":100},"statements":{"total":169,"covered":169,"skipped":0,"pct":100},"branches":{"total":56,"covered":56,"skipped":0,"pct":100}}
}
